Using pre-set license
Built from '2020.3/staging' branch; Version is '2020.3.16f1 (049d6eca3c44) revision 302446'; Using compiler version '192528614'; Build Type 'Release'
OS: 'Windows 10 Pro; OS build 19042.1237; Version 2009; 64bit' Language: 'ru' Physical Memory: 16335 MB
BatchMode: 1, IsHumanControllingUs: 0, StartBugReporterOnCrash: 0, Is64bit: 1, IsPro: 0

 COMMAND LINE ARGUMENTS:
C:\Program Files\Unity\Hub\Editor\2020.3.16f1\Editor\Unity.exe
-adb2
-batchMode
-noUpm
-name
AssetImportWorker0
-projectPath
C:/Users/user/Documents/GitHub/TileVania2D
-logFile
Logs/AssetImportWorker0.log
-srvPort
53255
Successfully changed project path to: C:/Users/user/Documents/GitHub/TileVania2D
C:/Users/user/Documents/GitHub/TileVania2D
Using Asset Import Pipeline V2.
Refreshing native plugins compatible for Editor in 108.09 ms, found 3 plugins.
Preloading 0 native plugins for Editor in 0.00 ms.
Initialize engine version: 2020.3.16f1 (049d6eca3c44)
[Subsystems] Discovering subsystems at path C:/Program Files/Unity/Hub/Editor/2020.3.16f1/Editor/Data/Resources/UnitySubsystems
[Subsystems] Discovering subsystems at path C:/Users/user/Documents/GitHub/TileVania2D/Assets
GfxDevice: creating device client; threaded=0
Direct3D:
    Version:  Direct3D 11.0 [level 11.0]
    Renderer: NVIDIA GeForce GTX 670MX (ID=0x11a1)
    Vendor:   
    VRAM:     3029 MB
    Driver:   25.21.14.2531
Initialize mono
Mono path[0] = 'C:/Program Files/Unity/Hub/Editor/2020.3.16f1/Editor/Data/Managed'
Mono path[1] = 'C:/Program Files/Unity/Hub/Editor/2020.3.16f1/Editor/Data/MonoBleedingEdge/lib/mono/unityjit'
Mono config path = 'C:/Program Files/Unity/Hub/Editor/2020.3.16f1/Editor/Data/MonoBleedingEdge/etc'
Using monoOptions --debugger-agent=transport=dt_socket,embedding=1,server=y,suspend=n,address=127.0.0.1:56740
Begin MonoManager ReloadAssembly
Registering precompiled unity dll's ...
Register platform support module: C:/Program Files/Unity/Hub/Editor/2020.3.16f1/Editor/Data/PlaybackEngines/WebGLSupport/UnityEditor.WebGL.Extensions.dll
Register platform support module: C:/Program Files/Unity/Hub/Editor/2020.3.16f1/Editor/Data/PlaybackEngines/WindowsStandaloneSupport/UnityEditor.WindowsStandalone.Extensions.dll
Registered in 0.011417 seconds.
Native extension for WindowsStandalone target not found
Native extension for WebGL target not found
Refreshing native plugins compatible for Editor in 82.60 ms, found 3 plugins.
Preloading 0 native plugins for Editor in 0.00 ms.
Mono: successfully reloaded assembly
- Completed reload, in  3.526 seconds
Domain Reload Profiling:
	ReloadAssembly (3526ms)
		BeginReloadAssembly (113ms)
			ExecutionOrderSort (0ms)
			DisableScriptedObjects (0ms)
			BackupInstance (0ms)
			ReleaseScriptingObjects (0ms)
			CreateAndSetChildDomain (1ms)
		EndReloadAssembly (744ms)
			LoadAssemblies (103ms)
			RebuildTransferFunctionScriptingTraits (0ms)
			SetupTypeCache (258ms)
			ReleaseScriptCaches (0ms)
			RebuildScriptCaches (46ms)
			SetupLoadedEditorAssemblies (304ms)
				LogAssemblyErrors (0ms)
				InitializePlatformSupportModulesInManaged (9ms)
				SetLoadedEditorAssemblies (0ms)
				RefreshPlugins (83ms)
				BeforeProcessingInitializeOnLoad (25ms)
				ProcessInitializeOnLoadAttributes (143ms)
				ProcessInitializeOnLoadMethodAttributes (44ms)
				AfterProcessingInitializeOnLoad (0ms)
				EditorAssembliesLoaded (0ms)
			ExecutionOrderSort2 (0ms)
			AwakeInstancesAfterBackupRestoration (0ms)
Platform modules already initialized, skipping
Registering precompiled user dll's ...
Registered in 0.017542 seconds.
Begin MonoManager ReloadAssembly
Native extension for WindowsStandalone target not found
Native extension for WebGL target not found
Refreshing native plugins compatible for Editor in 79.90 ms, found 3 plugins.
Preloading 0 native plugins for Editor in 0.00 ms.
Mono: successfully reloaded assembly
- Completed reload, in  2.220 seconds
Domain Reload Profiling:
	ReloadAssembly (2222ms)
		BeginReloadAssembly (298ms)
			ExecutionOrderSort (0ms)
			DisableScriptedObjects (7ms)
			BackupInstance (0ms)
			ReleaseScriptingObjects (0ms)
			CreateAndSetChildDomain (27ms)
		EndReloadAssembly (1765ms)
			LoadAssemblies (167ms)
			RebuildTransferFunctionScriptingTraits (0ms)
			SetupTypeCache (485ms)
			ReleaseScriptCaches (1ms)
			RebuildScriptCaches (78ms)
			SetupLoadedEditorAssemblies (783ms)
				LogAssemblyErrors (0ms)
				InitializePlatformSupportModulesInManaged (10ms)
				SetLoadedEditorAssemblies (0ms)
				RefreshPlugins (80ms)
				BeforeProcessingInitializeOnLoad (174ms)
				ProcessInitializeOnLoadAttributes (458ms)
				ProcessInitializeOnLoadMethodAttributes (25ms)
				AfterProcessingInitializeOnLoad (35ms)
				EditorAssembliesLoaded (0ms)
			ExecutionOrderSort2 (0ms)
			AwakeInstancesAfterBackupRestoration (10ms)
Platform modules already initialized, skipping
========================================================================
Worker process is ready to serve import requests
Launched and connected shader compiler UnityShaderCompiler.exe after 0.08 seconds
Refreshing native plugins compatible for Editor in 0.58 ms, found 3 plugins.
Preloading 0 native plugins for Editor in 0.00 ms.
Unloading 2091 Unused Serialized files (Serialized files now loaded: 0)
System memory in use before: 93.0 MB.
System memory in use after: 93.1 MB.

Unloading 28 unused Assets to reduce memory usage. Loaded Objects now: 2528.
Total: 3.962800 ms (FindLiveObjects: 0.207100 ms CreateObjectMapping: 0.094200 ms MarkObjects: 3.565000 ms  DeleteObjects: 0.094500 ms)

AssetImportParameters requested are different than current active one (requested -> active):
  custom:framework-win-MediaFoundation: 216162199b28c13a410421893ffa2e32 -> 
  custom:video-decoder-ogg-theora: a1e56fd34408186e4bbccfd4996cb3dc -> 
  custom:container-muxer-webm: aa71ff27fc2769a1b78a27578f13a17b -> 
  custom:container-demuxer-webm: 4f35f7cbe854078d1ac9338744f61a02 -> 
  custom:container-demuxer-ogg: 62fdf1f143b41e24485cea50d1cbac27 -> 
  custom:video-encoder-webm-vp8: eb34c28f22e8b96e1ab97ce403110664 -> 
  custom:video-decoder-webm-vp8: 9c59270c3fd7afecdb556c50c9e8de78 -> 
  custom:audio-decoder-ogg-vorbis: bf7c407c2cedff20999df2af8eb42d56 -> 
  custom:audio-encoder-webm-vorbis: bf7c407c2cedff20999df2af8eb42d56 -> 
========================================================================
Received Import Request.
  path: Assets/Sprites
  artifactKey: Guid(f07dfa3c481a2974191f8ee9fbd8960e) Importer(815301076,1909f56bfc062723c751e8b465ee728b)
Start importing Assets/Sprites using Guid(f07dfa3c481a2974191f8ee9fbd8960e) Importer(815301076,1909f56bfc062723c751e8b465ee728b)  -> (artifact id: '308901784cf6eb28debb01eb4ce18670') in 0.011122 seconds 
  Import took 0.015682 seconds .

========================================================================
Received Import Request.
  Time since last request: 9.197211 seconds.
  path: Assets/Sprites/Exit Pixelated.png
  artifactKey: Guid(5e9fa1ff6de41dc4e8b46e40c04fe3f3) Importer(815301076,1909f56bfc062723c751e8b465ee728b)
Start importing Assets/Sprites/Exit Pixelated.png using Guid(5e9fa1ff6de41dc4e8b46e40c04fe3f3) Importer(815301076,1909f56bfc062723c751e8b465ee728b)  -> (artifact id: '7f22d4a833a36eab9b6ac87e8e7946c6') in 0.152414 seconds 
  Import took 0.156921 seconds .

========================================================================
Received Import Request.
  Time since last request: 0.000326 seconds.
  path: Assets/Sprites/Spikes.png
  artifactKey: Guid(5af151c4f1369c641b0d8ae3388c4985) Importer(815301076,1909f56bfc062723c751e8b465ee728b)
Start importing Assets/Sprites/Spikes.png using Guid(5af151c4f1369c641b0d8ae3388c4985) Importer(815301076,1909f56bfc062723c751e8b465ee728b)  -> (artifact id: '41d4c9ed4986a1c06b9a2bab9aebedfc') in 0.020527 seconds 
  Import took 0.024929 seconds .

========================================================================
Received Import Request.
  Time since last request: 0.000299 seconds.
  path: Assets/Sprites/SPA_Background brown tint.png
  artifactKey: Guid(644fa5428acbbdc4ab4dd4e85f51322d) Importer(815301076,1909f56bfc062723c751e8b465ee728b)
Start importing Assets/Sprites/SPA_Background brown tint.png using Guid(644fa5428acbbdc4ab4dd4e85f51322d) Importer(815301076,1909f56bfc062723c751e8b465ee728b)  -> (artifact id: '4259d3104ede899f8cae695a5c8ef502') in 0.024587 seconds 
  Import took 0.028793 seconds .

========================================================================
Received Import Request.
  Time since last request: 0.000326 seconds.
  path: Assets/Sprites/SPA_Player_Ginger.png
  artifactKey: Guid(387cb53e749ffa24ab80016297678d98) Importer(815301076,1909f56bfc062723c751e8b465ee728b)
Start importing Assets/Sprites/SPA_Player_Ginger.png using Guid(387cb53e749ffa24ab80016297678d98) Importer(815301076,1909f56bfc062723c751e8b465ee728b)  -> (artifact id: '1294b7d41097ab2599dd6101393f6124') in 0.026951 seconds 
  Import took 0.031113 seconds .

========================================================================
Received Import Request.
  Time since last request: 0.000337 seconds.
  path: Assets/Sprites/SPA_Background brown tint.png
  artifactKey: Guid(644fa5428acbbdc4ab4dd4e85f51322d) Importer(815301076,1909f56bfc062723c751e8b465ee728b)
Start importing Assets/Sprites/SPA_Background brown tint.png using Guid(644fa5428acbbdc4ab4dd4e85f51322d) Importer(815301076,1909f56bfc062723c751e8b465ee728b)  -> (artifact id: '4259d3104ede899f8cae695a5c8ef502') in 0.020926 seconds 
  Import took 0.025842 seconds .

========================================================================
Received Import Request.
  Time since last request: 0.000346 seconds.
  path: Assets/Sprites/SPA_Rock_Grass_Water.png
  artifactKey: Guid(df9b9b09335e8844fb9790210d62727d) Importer(815301076,1909f56bfc062723c751e8b465ee728b)
Start importing Assets/Sprites/SPA_Rock_Grass_Water.png using Guid(df9b9b09335e8844fb9790210d62727d) Importer(815301076,1909f56bfc062723c751e8b465ee728b)  -> (artifact id: '172eb51ae8eb076e81c6f9acd91cbd7c') in 0.025881 seconds 
  Import took 0.031524 seconds .

========================================================================
Received Import Request.
  Time since last request: 0.000471 seconds.
  path: Assets/Sprites/SPA_Ladder.png
  artifactKey: Guid(dbc36d0457a886d4aacc23409adeecc8) Importer(815301076,1909f56bfc062723c751e8b465ee728b)
Start importing Assets/Sprites/SPA_Ladder.png using Guid(dbc36d0457a886d4aacc23409adeecc8) Importer(815301076,1909f56bfc062723c751e8b465ee728b)  -> (artifact id: 'd1ec37c0510537aec9a71d78185a59e5') in 0.019659 seconds 
  Import took 0.025353 seconds .

========================================================================
Received Import Request.
  Time since last request: 0.000307 seconds.
  path: Assets/Sprites/SPA_Enemy_Right.png
  artifactKey: Guid(14d2f2c6de38e154fa93049adaa8c2cd) Importer(815301076,1909f56bfc062723c751e8b465ee728b)
Start importing Assets/Sprites/SPA_Enemy_Right.png using Guid(14d2f2c6de38e154fa93049adaa8c2cd) Importer(815301076,1909f56bfc062723c751e8b465ee728b)  -> (artifact id: '4d03b0cbb3b247a44a382030e19577d5') in 0.025780 seconds 
  Import took 0.031959 seconds .

========================================================================
Received Import Request.
  Time since last request: 0.000370 seconds.
  path: Assets/Sprites/SPA_Coins.png
  artifactKey: Guid(ae5e4447d0c042b4c91494aef3a8846f) Importer(815301076,1909f56bfc062723c751e8b465ee728b)
Start importing Assets/Sprites/SPA_Coins.png using Guid(ae5e4447d0c042b4c91494aef3a8846f) Importer(815301076,1909f56bfc062723c751e8b465ee728b)  -> (artifact id: '682d9092b690e31f2d71b4cc20ed2980') in 0.024076 seconds 
  Import took 0.029862 seconds .

========================================================================
Received Import Request.
  Time since last request: 0.786513 seconds.
  path: Assets/Sprites/README - License details.txt
  artifactKey: Guid(94afa79fa2e9aaf48ae7875592da9d46) Importer(815301076,1909f56bfc062723c751e8b465ee728b)
Start importing Assets/Sprites/README - License details.txt using Guid(94afa79fa2e9aaf48ae7875592da9d46) Importer(815301076,1909f56bfc062723c751e8b465ee728b)  -> (artifact id: 'f085579a0f5bbeeec90bcc1c5d336a17') in 0.027477 seconds 
  Import took 0.032275 seconds .

========================================================================
Received Import Request.
  Time since last request: 42.750744 seconds.
  path: Assets/Sprites/SPA_Enemy_Right.png
  artifactKey: Guid(14d2f2c6de38e154fa93049adaa8c2cd) Importer(815301076,1909f56bfc062723c751e8b465ee728b)
Start importing Assets/Sprites/SPA_Enemy_Right.png using Guid(14d2f2c6de38e154fa93049adaa8c2cd) Importer(815301076,1909f56bfc062723c751e8b465ee728b)  -> (artifact id: '8fbfa33f421fd7d88b2bd1b480bfcbb2') in 0.016900 seconds 
  Import took 0.021554 seconds .

========================================================================
Received Import Request.
  Time since last request: 0.023142 seconds.
  path: Assets/Sprites/Exit Pixelated.png
  artifactKey: Guid(5e9fa1ff6de41dc4e8b46e40c04fe3f3) Importer(815301076,1909f56bfc062723c751e8b465ee728b)
Start importing Assets/Sprites/Exit Pixelated.png using Guid(5e9fa1ff6de41dc4e8b46e40c04fe3f3) Importer(815301076,1909f56bfc062723c751e8b465ee728b)  -> (artifact id: '03bfeedff8a9a4ca9e2da7aab828ace3') in 0.019536 seconds 
  Import took 0.024782 seconds .

========================================================================
Received Import Request.
  Time since last request: 0.000309 seconds.
  path: Assets/Sprites/Spikes.png
  artifactKey: Guid(5af151c4f1369c641b0d8ae3388c4985) Importer(815301076,1909f56bfc062723c751e8b465ee728b)
Start importing Assets/Sprites/Spikes.png using Guid(5af151c4f1369c641b0d8ae3388c4985) Importer(815301076,1909f56bfc062723c751e8b465ee728b)  -> (artifact id: '9ac41aee65aa54481f7f66e2eec3e7ed') in 0.018029 seconds 
  Import took 0.022912 seconds .

========================================================================
Received Import Request.
  Time since last request: 0.000340 seconds.
  path: Assets/Sprites/SPA_Background brown tint.png
  artifactKey: Guid(644fa5428acbbdc4ab4dd4e85f51322d) Importer(815301076,1909f56bfc062723c751e8b465ee728b)
Start importing Assets/Sprites/SPA_Background brown tint.png using Guid(644fa5428acbbdc4ab4dd4e85f51322d) Importer(815301076,1909f56bfc062723c751e8b465ee728b)  -> (artifact id: '0184e0534b4b34e1fb5724abc7ad66ac') in 0.021598 seconds 
  Import took 0.026248 seconds .

========================================================================
Received Import Request.
  Time since last request: 0.000352 seconds.
  path: Assets/Sprites/SPA_Player_Ginger.png
  artifactKey: Guid(387cb53e749ffa24ab80016297678d98) Importer(815301076,1909f56bfc062723c751e8b465ee728b)
Start importing Assets/Sprites/SPA_Player_Ginger.png using Guid(387cb53e749ffa24ab80016297678d98) Importer(815301076,1909f56bfc062723c751e8b465ee728b)  -> (artifact id: 'fbedecc73592749985e2cfbd5288eaaf') in 0.021386 seconds 
  Import took 0.025611 seconds .

========================================================================
Received Import Request.
  Time since last request: 0.000365 seconds.
  path: Assets/Sprites/SPA_Rock_Grass_Water.png
  artifactKey: Guid(df9b9b09335e8844fb9790210d62727d) Importer(815301076,1909f56bfc062723c751e8b465ee728b)
Start importing Assets/Sprites/SPA_Rock_Grass_Water.png using Guid(df9b9b09335e8844fb9790210d62727d) Importer(815301076,1909f56bfc062723c751e8b465ee728b)  -> (artifact id: 'c5be8315638bd2b6b60b0cb894e41085') in 0.019475 seconds 
  Import took 0.024447 seconds .

========================================================================
Received Import Request.
  Time since last request: 0.000414 seconds.
  path: Assets/Sprites/SPA_Ladder.png
  artifactKey: Guid(dbc36d0457a886d4aacc23409adeecc8) Importer(815301076,1909f56bfc062723c751e8b465ee728b)
Start importing Assets/Sprites/SPA_Ladder.png using Guid(dbc36d0457a886d4aacc23409adeecc8) Importer(815301076,1909f56bfc062723c751e8b465ee728b)  -> (artifact id: 'fb7143b7f0c39b8c3606403b33b82bba') in 0.020133 seconds 
  Import took 0.027901 seconds .

========================================================================
Received Import Request.
  Time since last request: 0.000379 seconds.
  path: Assets/Sprites/SPA_Coins.png
  artifactKey: Guid(ae5e4447d0c042b4c91494aef3a8846f) Importer(815301076,1909f56bfc062723c751e8b465ee728b)
Start importing Assets/Sprites/SPA_Coins.png using Guid(ae5e4447d0c042b4c91494aef3a8846f) Importer(815301076,1909f56bfc062723c751e8b465ee728b)  -> (artifact id: '389299a0c34493ba9864fdfe68681323') in 0.017063 seconds 
  Import took 0.022047 seconds .

========================================================================
Received Import Request.
  Time since last request: 124.524818 seconds.
  path: Assets/Sprites/SPA_Rock_Grass_Water.png
  artifactKey: Guid(df9b9b09335e8844fb9790210d62727d) Importer(815301076,1909f56bfc062723c751e8b465ee728b)
Start importing Assets/Sprites/SPA_Rock_Grass_Water.png using Guid(df9b9b09335e8844fb9790210d62727d) Importer(815301076,1909f56bfc062723c751e8b465ee728b)  -> (artifact id: '8f00f6eb3b8722cf4e46817ee892c17d') in 0.017651 seconds 
  Import took 0.023601 seconds .

========================================================================
Received Import Request.
  Time since last request: 244.854038 seconds.
  path: Assets/Sprites/SPA_Rock_Grass_Water.png
  artifactKey: Guid(df9b9b09335e8844fb9790210d62727d) Importer(815301076,1909f56bfc062723c751e8b465ee728b)
Start importing Assets/Sprites/SPA_Rock_Grass_Water.png using Guid(df9b9b09335e8844fb9790210d62727d) Importer(815301076,1909f56bfc062723c751e8b465ee728b)  -> (artifact id: '41da07f1877ac0754e70deaeeec3a67d') in 0.124956 seconds 
  Import took 0.133144 seconds .

========================================================================
Received Import Request.
  Time since last request: 113.281887 seconds.
  path: Assets/Sprites/SPA_Player_Ginger.png
  artifactKey: Guid(387cb53e749ffa24ab80016297678d98) Importer(815301076,1909f56bfc062723c751e8b465ee728b)
Start importing Assets/Sprites/SPA_Player_Ginger.png using Guid(387cb53e749ffa24ab80016297678d98) Importer(815301076,1909f56bfc062723c751e8b465ee728b)  -> (artifact id: 'b06512d5bdde5f1aebc9818981d6c83e') in 0.015536 seconds 
  Import took 0.020635 seconds .

========================================================================
Received Import Request.
  Time since last request: 218.189838 seconds.
  path: Assets/Sprites/SPA_Player_Ginger.png
  artifactKey: Guid(387cb53e749ffa24ab80016297678d98) Importer(815301076,1909f56bfc062723c751e8b465ee728b)
Start importing Assets/Sprites/SPA_Player_Ginger.png using Guid(387cb53e749ffa24ab80016297678d98) Importer(815301076,1909f56bfc062723c751e8b465ee728b)  -> (artifact id: 'e034b51f86ceba65760a8a2609ef1b2f') in 0.117050 seconds 
  Import took 0.121725 seconds .

========================================================================
Received Import Request.
  Time since last request: 45.125561 seconds.
  path: Assets/Sprites/SPA_Background brown tint.png
  artifactKey: Guid(644fa5428acbbdc4ab4dd4e85f51322d) Importer(815301076,1909f56bfc062723c751e8b465ee728b)
Start importing Assets/Sprites/SPA_Background brown tint.png using Guid(644fa5428acbbdc4ab4dd4e85f51322d) Importer(815301076,1909f56bfc062723c751e8b465ee728b)  -> (artifact id: '4d42a66486db2bae32327a31cac188ff') in 0.015141 seconds 
  Import took 0.019563 seconds .

========================================================================
Received Import Request.
  Time since last request: 67.681290 seconds.
  path: Assets/Sprites/SPA_Background brown tint.png
  artifactKey: Guid(644fa5428acbbdc4ab4dd4e85f51322d) Importer(815301076,1909f56bfc062723c751e8b465ee728b)
Start importing Assets/Sprites/SPA_Background brown tint.png using Guid(644fa5428acbbdc4ab4dd4e85f51322d) Importer(815301076,1909f56bfc062723c751e8b465ee728b)  -> (artifact id: 'e521e88d8ef6a78d37c4484d0560e222') in 0.079276 seconds 
  Import took 0.083814 seconds .

========================================================================
Received Import Request.
  Time since last request: 17.871678 seconds.
  path: Assets/Sprites/SPA_Coins.png
  artifactKey: Guid(ae5e4447d0c042b4c91494aef3a8846f) Importer(815301076,1909f56bfc062723c751e8b465ee728b)
Start importing Assets/Sprites/SPA_Coins.png using Guid(ae5e4447d0c042b4c91494aef3a8846f) Importer(815301076,1909f56bfc062723c751e8b465ee728b)  -> (artifact id: '491d0d5d6155d11837a59ba298196a25') in 0.014453 seconds 
  Import took 0.019143 seconds .

========================================================================
Received Import Request.
  Time since last request: 0.012634 seconds.
  path: Assets/Sprites/SPA_Coins.png
  artifactKey: Guid(ae5e4447d0c042b4c91494aef3a8846f) Importer(815301076,1909f56bfc062723c751e8b465ee728b)
Start importing Assets/Sprites/SPA_Coins.png using Guid(ae5e4447d0c042b4c91494aef3a8846f) Importer(815301076,1909f56bfc062723c751e8b465ee728b)  -> (artifact id: '491d0d5d6155d11837a59ba298196a25') in 0.013542 seconds 
  Import took 0.018048 seconds .

========================================================================
Received Import Request.
  Time since last request: 33.202997 seconds.
  path: Assets/Sprites/SPA_Coins.png
  artifactKey: Guid(ae5e4447d0c042b4c91494aef3a8846f) Importer(815301076,1909f56bfc062723c751e8b465ee728b)
Start importing Assets/Sprites/SPA_Coins.png using Guid(ae5e4447d0c042b4c91494aef3a8846f) Importer(815301076,1909f56bfc062723c751e8b465ee728b)  -> (artifact id: 'c0fe08be27b6ed880f4c67c228c4c269') in 0.057489 seconds 
  Import took 0.062102 seconds .

========================================================================
Received Import Request.
  Time since last request: 46.293117 seconds.
  path: Assets/Sprites/SPA_Enemy_Right.png
  artifactKey: Guid(14d2f2c6de38e154fa93049adaa8c2cd) Importer(815301076,1909f56bfc062723c751e8b465ee728b)
Start importing Assets/Sprites/SPA_Enemy_Right.png using Guid(14d2f2c6de38e154fa93049adaa8c2cd) Importer(815301076,1909f56bfc062723c751e8b465ee728b)  -> (artifact id: '96ee6e78632f2c6d5b2366a4fca1a96f') in 0.019218 seconds 
  Import took 0.024219 seconds .

========================================================================
Received Import Request.
  Time since last request: 113.990729 seconds.
  path: Assets/Sprites/SPA_Enemy_Right.png
  artifactKey: Guid(14d2f2c6de38e154fa93049adaa8c2cd) Importer(815301076,1909f56bfc062723c751e8b465ee728b)
Start importing Assets/Sprites/SPA_Enemy_Right.png using Guid(14d2f2c6de38e154fa93049adaa8c2cd) Importer(815301076,1909f56bfc062723c751e8b465ee728b)  -> (artifact id: '1e77def4292216fd1d723153e0e66ab8') in 0.037393 seconds 
  Import took 0.042215 seconds .

========================================================================
Received Import Request.
  Time since last request: 223.288511 seconds.
  path: Assets
  artifactKey: Guid(00000000000000001000000000000000) Importer(815301076,1909f56bfc062723c751e8b465ee728b)
Start importing Assets using Guid(00000000000000001000000000000000) Importer(815301076,1909f56bfc062723c751e8b465ee728b)  -> (artifact id: '42d402b061de3733987d63b9cc3b64de') in 0.008170 seconds 
  Import took 0.014804 seconds .

========================================================================
Received Import Request.
  Time since last request: 4.553110 seconds.
  path: Assets/Tiles
  artifactKey: Guid(7a6d5c6bb2b78ed47a4e1622c81e5eab) Importer(815301076,1909f56bfc062723c751e8b465ee728b)
Start importing Assets/Tiles using Guid(7a6d5c6bb2b78ed47a4e1622c81e5eab) Importer(815301076,1909f56bfc062723c751e8b465ee728b)  -> (artifact id: '7d4dd0220a6a58b23e65f35d4abfdc33') in 0.007781 seconds 
  Import took 0.012471 seconds .

========================================================================
Received Import Request.
  Time since last request: 93.158163 seconds.
  path: Assets/Tiles/Platform Palette.prefab
  artifactKey: Guid(4365fc12262b73541abe88a709a88be8) Importer(815301076,1909f56bfc062723c751e8b465ee728b)
Start importing Assets/Tiles/Platform Palette.prefab using Guid(4365fc12262b73541abe88a709a88be8) Importer(815301076,1909f56bfc062723c751e8b465ee728b)  -> (artifact id: 'ff3fdc206c6d9eda1446959e912ae6e6') in 0.071241 seconds 
  Import took 0.076930 seconds .

========================================================================
Received Import Request.
  Time since last request: 0.008689 seconds.
  path: Assets/Tiles/Platform Palette.prefab
  artifactKey: Guid(4365fc12262b73541abe88a709a88be8) Importer(815301076,1909f56bfc062723c751e8b465ee728b)
Start importing Assets/Tiles/Platform Palette.prefab using Guid(4365fc12262b73541abe88a709a88be8) Importer(815301076,1909f56bfc062723c751e8b465ee728b)  -> (artifact id: 'ff3fdc206c6d9eda1446959e912ae6e6') in 0.018982 seconds 
  Import took 0.024381 seconds .

========================================================================
Received Import Request.
  Time since last request: 93.885933 seconds.
  path: Assets/Tiles/Platform Palette.prefab
  artifactKey: Guid(4365fc12262b73541abe88a709a88be8) Importer(815301076,1909f56bfc062723c751e8b465ee728b)
Start importing Assets/Tiles/Platform Palette.prefab using Guid(4365fc12262b73541abe88a709a88be8) Importer(815301076,1909f56bfc062723c751e8b465ee728b)  -> (artifact id: 'ab760cd29012c5149de777716abbc9b1') in 0.044378 seconds 
  Import took 0.050101 seconds .

========================================================================
Received Import Request.
  Time since last request: 0.000313 seconds.
  path: Assets/Tiles/SPA_Rock_Grass_Water_23.asset
  artifactKey: Guid(187be22b284fd4c40a0bd3041dd77a06) Importer(815301076,1909f56bfc062723c751e8b465ee728b)
Start importing Assets/Tiles/SPA_Rock_Grass_Water_23.asset using Guid(187be22b284fd4c40a0bd3041dd77a06) Importer(815301076,1909f56bfc062723c751e8b465ee728b)  -> (artifact id: '447ce445f4f5d05e6431a099cd73da06') in 0.036160 seconds 
  Import took 0.040761 seconds .

========================================================================
Received Import Request.
  Time since last request: 0.000324 seconds.
  path: Assets/Tiles/SPA_Rock_Grass_Water_21.asset
  artifactKey: Guid(9ea8c8b5b867cf2438e202adeeacaf6e) Importer(815301076,1909f56bfc062723c751e8b465ee728b)
Start importing Assets/Tiles/SPA_Rock_Grass_Water_21.asset using Guid(9ea8c8b5b867cf2438e202adeeacaf6e) Importer(815301076,1909f56bfc062723c751e8b465ee728b)  -> (artifact id: '8e59a6f256606c04e394601eb0bfe4b8') in 0.016622 seconds 
  Import took 0.021534 seconds .

========================================================================
Received Import Request.
  Time since last request: 0.000304 seconds.
  path: Assets/Tiles/SPA_Rock_Grass_Water_18.asset
  artifactKey: Guid(781cb4d18ef977d4486037dd7858c93d) Importer(815301076,1909f56bfc062723c751e8b465ee728b)
Start importing Assets/Tiles/SPA_Rock_Grass_Water_18.asset using Guid(781cb4d18ef977d4486037dd7858c93d) Importer(815301076,1909f56bfc062723c751e8b465ee728b)  -> (artifact id: 'e941b5fec328fd25c3175d6e9aa14a77') in 0.017943 seconds 
  Import took 0.022659 seconds .

========================================================================
Received Import Request.
  Time since last request: 0.000343 seconds.
  path: Assets/Tiles/SPA_Rock_Grass_Water_7.asset
  artifactKey: Guid(bd3757c59878de043919c5e164d3497d) Importer(815301076,1909f56bfc062723c751e8b465ee728b)
Start importing Assets/Tiles/SPA_Rock_Grass_Water_7.asset using Guid(bd3757c59878de043919c5e164d3497d) Importer(815301076,1909f56bfc062723c751e8b465ee728b)  -> (artifact id: '9411b54d7f419e197c644771070a1888') in 0.016345 seconds 
  Import took 0.021341 seconds .

========================================================================
Received Import Request.
  Time since last request: 0.000329 seconds.
  path: Assets/Tiles/SPA_Rock_Grass_Water_2.asset
  artifactKey: Guid(d2c73fc6aa8ef4c41a88d3fce1e6e1d4) Importer(815301076,1909f56bfc062723c751e8b465ee728b)
Start importing Assets/Tiles/SPA_Rock_Grass_Water_2.asset using Guid(d2c73fc6aa8ef4c41a88d3fce1e6e1d4) Importer(815301076,1909f56bfc062723c751e8b465ee728b)  -> (artifact id: '0911a1556d958cd45e16d21ef8605c75') in 0.017109 seconds 
  Import took 0.021721 seconds .

========================================================================
Received Import Request.
  Time since last request: 0.000300 seconds.
  path: Assets/Tiles/SPA_Rock_Grass_Water_29.asset
  artifactKey: Guid(07052d40ec55c784894cd523f6d097de) Importer(815301076,1909f56bfc062723c751e8b465ee728b)
Start importing Assets/Tiles/SPA_Rock_Grass_Water_29.asset using Guid(07052d40ec55c784894cd523f6d097de) Importer(815301076,1909f56bfc062723c751e8b465ee728b)  -> (artifact id: '739dacc89ad0358380447de08433f94e') in 0.017959 seconds 
  Import took 0.022682 seconds .

========================================================================
Received Import Request.
  Time since last request: 0.000362 seconds.
  path: Assets/Tiles/SPA_Rock_Grass_Water_27.asset
  artifactKey: Guid(4a3c9d1efb558564b93998dad30b836d) Importer(815301076,1909f56bfc062723c751e8b465ee728b)
Start importing Assets/Tiles/SPA_Rock_Grass_Water_27.asset using Guid(4a3c9d1efb558564b93998dad30b836d) Importer(815301076,1909f56bfc062723c751e8b465ee728b)  -> (artifact id: 'bf1552c641c397eb28c8a1a0574a9e5f') in 0.017443 seconds 
  Import took 0.022287 seconds .

========================================================================
Received Import Request.
  Time since last request: 0.000367 seconds.
  path: Assets/Tiles/SPA_Rock_Grass_Water_9.asset
  artifactKey: Guid(a99b59b67c0b2744dbfc5d21221b25ff) Importer(815301076,1909f56bfc062723c751e8b465ee728b)
Start importing Assets/Tiles/SPA_Rock_Grass_Water_9.asset using Guid(a99b59b67c0b2744dbfc5d21221b25ff) Importer(815301076,1909f56bfc062723c751e8b465ee728b)  -> (artifact id: 'c267872c550389d857022a3394d639d9') in 0.018024 seconds 
  Import took 0.024015 seconds .

========================================================================
Received Import Request.
  Time since last request: 0.000452 seconds.
  path: Assets/Tiles/SPA_Rock_Grass_Water_28.asset
  artifactKey: Guid(fee58d81873c6a540ae47730c561227c) Importer(815301076,1909f56bfc062723c751e8b465ee728b)
Start importing Assets/Tiles/SPA_Rock_Grass_Water_28.asset using Guid(fee58d81873c6a540ae47730c561227c) Importer(815301076,1909f56bfc062723c751e8b465ee728b)  -> (artifact id: 'a6ae63b14e2cad352c7cfa6a9aaf61a2') in 0.016823 seconds 
  Import took 0.023139 seconds .

========================================================================
Received Import Request.
  Time since last request: 0.000357 seconds.
  path: Assets/Tiles/SPA_Rock_Grass_Water_12.asset
  artifactKey: Guid(a3a5779be70716546b5a648d51b7ad20) Importer(815301076,1909f56bfc062723c751e8b465ee728b)
Start importing Assets/Tiles/SPA_Rock_Grass_Water_12.asset using Guid(a3a5779be70716546b5a648d51b7ad20) Importer(815301076,1909f56bfc062723c751e8b465ee728b)  -> (artifact id: '533b3f46ee3d519bff078d0ec5346ce4') in 0.016116 seconds 
  Import took 0.021100 seconds .

========================================================================
Received Import Request.
  Time since last request: 0.000375 seconds.
  path: Assets/Tiles/SPA_Rock_Grass_Water_25.asset
  artifactKey: Guid(5b403539c351a3e4ca3c51fc16268a67) Importer(815301076,1909f56bfc062723c751e8b465ee728b)
Start importing Assets/Tiles/SPA_Rock_Grass_Water_25.asset using Guid(5b403539c351a3e4ca3c51fc16268a67) Importer(815301076,1909f56bfc062723c751e8b465ee728b)  -> (artifact id: 'acdb81abb17da0db9186b1a080ffaf4b') in 0.017955 seconds 
  Import took 0.023566 seconds .

========================================================================
Received Import Request.
  Time since last request: 0.000380 seconds.
  path: Assets/Tiles/SPA_Rock_Grass_Water_1.asset
  artifactKey: Guid(5d6217ee5d12b274b95ca3c7bfd9dc0c) Importer(815301076,1909f56bfc062723c751e8b465ee728b)
Start importing Assets/Tiles/SPA_Rock_Grass_Water_1.asset using Guid(5d6217ee5d12b274b95ca3c7bfd9dc0c) Importer(815301076,1909f56bfc062723c751e8b465ee728b)  -> (artifact id: 'de4b462abbd525f41e47a850ba61e9ba') in 0.016328 seconds 
  Import took 0.020994 seconds .

========================================================================
Received Import Request.
  Time since last request: 0.000393 seconds.
  path: Assets/Tiles/SPA_Rock_Grass_Water_19.asset
  artifactKey: Guid(319bc0027d2986e4b954ca4c2521c0d5) Importer(815301076,1909f56bfc062723c751e8b465ee728b)
Start importing Assets/Tiles/SPA_Rock_Grass_Water_19.asset using Guid(319bc0027d2986e4b954ca4c2521c0d5) Importer(815301076,1909f56bfc062723c751e8b465ee728b)  -> (artifact id: 'aa8567da39cbc28e469c7e4cb44e8bac') in 0.015871 seconds 
  Import took 0.020450 seconds .

========================================================================
Received Import Request.
  Time since last request: 0.000369 seconds.
  path: Assets/Tiles/SPA_Rock_Grass_Water_0.asset
  artifactKey: Guid(93a896c99c042314fb0c1df60a1ed247) Importer(815301076,1909f56bfc062723c751e8b465ee728b)
Start importing Assets/Tiles/SPA_Rock_Grass_Water_0.asset using Guid(93a896c99c042314fb0c1df60a1ed247) Importer(815301076,1909f56bfc062723c751e8b465ee728b)  -> (artifact id: '254c7bfa32db465e2eaa813c054cfe11') in 0.016862 seconds 
  Import took 0.021846 seconds .

========================================================================
Received Import Request.
  Time since last request: 0.000343 seconds.
  path: Assets/Tiles/SPA_Rock_Grass_Water_3.asset
  artifactKey: Guid(abccaf6e27845ad4091b53d1ed2432e8) Importer(815301076,1909f56bfc062723c751e8b465ee728b)
Start importing Assets/Tiles/SPA_Rock_Grass_Water_3.asset using Guid(abccaf6e27845ad4091b53d1ed2432e8) Importer(815301076,1909f56bfc062723c751e8b465ee728b)  -> (artifact id: '300412a956f1d7d59587f6d191bcd865') in 0.015344 seconds 
  Import took 0.020527 seconds .

========================================================================
Received Import Request.
  Time since last request: 0.000372 seconds.
  path: Assets/Tiles/SPA_Rock_Grass_Water_26.asset
  artifactKey: Guid(5efc28e327ae06449b6437d54b4d01cf) Importer(815301076,1909f56bfc062723c751e8b465ee728b)
Start importing Assets/Tiles/SPA_Rock_Grass_Water_26.asset using Guid(5efc28e327ae06449b6437d54b4d01cf) Importer(815301076,1909f56bfc062723c751e8b465ee728b)  -> (artifact id: 'fd1184603ef65f5ace770c0f2c99a974') in 0.018183 seconds 
  Import took 0.022876 seconds .

========================================================================
Received Import Request.
  Time since last request: 0.000340 seconds.
  path: Assets/Tiles/SPA_Rock_Grass_Water_11.asset
  artifactKey: Guid(b07ac34bd99b2fe4391cfe1b8d73b493) Importer(815301076,1909f56bfc062723c751e8b465ee728b)
Start importing Assets/Tiles/SPA_Rock_Grass_Water_11.asset using Guid(b07ac34bd99b2fe4391cfe1b8d73b493) Importer(815301076,1909f56bfc062723c751e8b465ee728b)  -> (artifact id: '8e3f8bce20f735bce4bb091319472abd') in 0.016209 seconds 
  Import took 0.021264 seconds .

========================================================================
Received Import Request.
  Time since last request: 0.000376 seconds.
  path: Assets/Tiles/SPA_Rock_Grass_Water_14.asset
  artifactKey: Guid(341054dca1d09b143adfa3b059ff4598) Importer(815301076,1909f56bfc062723c751e8b465ee728b)
Start importing Assets/Tiles/SPA_Rock_Grass_Water_14.asset using Guid(341054dca1d09b143adfa3b059ff4598) Importer(815301076,1909f56bfc062723c751e8b465ee728b)  -> (artifact id: '7d7004c217ef3ad5ea2068ce7773c1ba') in 0.017266 seconds 
  Import took 0.022836 seconds .

========================================================================
Received Import Request.
  Time since last request: 0.000334 seconds.
  path: Assets/Tiles/SPA_Rock_Grass_Water_15.asset
  artifactKey: Guid(54c293c0f448eac468420476f6c34caa) Importer(815301076,1909f56bfc062723c751e8b465ee728b)
Start importing Assets/Tiles/SPA_Rock_Grass_Water_15.asset using Guid(54c293c0f448eac468420476f6c34caa) Importer(815301076,1909f56bfc062723c751e8b465ee728b)  -> (artifact id: 'f11b619f4d3af424f9a265552b8e97d8') in 0.016678 seconds 
  Import took 0.021955 seconds .

========================================================================
Received Import Request.
  Time since last request: 0.000447 seconds.
  path: Assets/Tiles/SPA_Rock_Grass_Water_8.asset
  artifactKey: Guid(4b1beb45fff044342a68a254a70c2c3d) Importer(815301076,1909f56bfc062723c751e8b465ee728b)
Start importing Assets/Tiles/SPA_Rock_Grass_Water_8.asset using Guid(4b1beb45fff044342a68a254a70c2c3d) Importer(815301076,1909f56bfc062723c751e8b465ee728b)  -> (artifact id: '01bcb250af94fa6823340a333e6d704f') in 0.018503 seconds 
  Import took 0.023401 seconds .

========================================================================
Received Import Request.
  Time since last request: 0.000388 seconds.
  path: Assets/Tiles/SPA_Rock_Grass_Water_16.asset
  artifactKey: Guid(8bb4f1ab4fc96d34ea9f070b83c186f3) Importer(815301076,1909f56bfc062723c751e8b465ee728b)
Start importing Assets/Tiles/SPA_Rock_Grass_Water_16.asset using Guid(8bb4f1ab4fc96d34ea9f070b83c186f3) Importer(815301076,1909f56bfc062723c751e8b465ee728b)  -> (artifact id: '4263cdd5e90760606d286b930ff5b683') in 0.017149 seconds 
  Import took 0.022269 seconds .

========================================================================
Received Import Request.
  Time since last request: 0.000339 seconds.
  path: Assets/Tiles/SPA_Rock_Grass_Water_24.asset
  artifactKey: Guid(b22bef0924800a043b0d04ad868b0981) Importer(815301076,1909f56bfc062723c751e8b465ee728b)
Start importing Assets/Tiles/SPA_Rock_Grass_Water_24.asset using Guid(b22bef0924800a043b0d04ad868b0981) Importer(815301076,1909f56bfc062723c751e8b465ee728b)  -> (artifact id: '22f1217b7a3c6450afc062daaf9c09b8') in 0.015756 seconds 
  Import took 0.020401 seconds .

========================================================================
Received Import Request.
  Time since last request: 0.000320 seconds.
  path: Assets/Tiles/SPA_Rock_Grass_Water_6.asset
  artifactKey: Guid(b252cc7054f887542bf18926e8f41cce) Importer(815301076,1909f56bfc062723c751e8b465ee728b)
Start importing Assets/Tiles/SPA_Rock_Grass_Water_6.asset using Guid(b252cc7054f887542bf18926e8f41cce) Importer(815301076,1909f56bfc062723c751e8b465ee728b)  -> (artifact id: 'fe7bd029f9c9d1fea841ec2c843e5748') in 0.017129 seconds 
  Import took 0.021992 seconds .

========================================================================
Received Import Request.
  Time since last request: 0.000348 seconds.
  path: Assets/Tiles/SPA_Rock_Grass_Water_4.asset
  artifactKey: Guid(a875fd0ab64f1214cba54f6db3e2c1d5) Importer(815301076,1909f56bfc062723c751e8b465ee728b)
Start importing Assets/Tiles/SPA_Rock_Grass_Water_4.asset using Guid(a875fd0ab64f1214cba54f6db3e2c1d5) Importer(815301076,1909f56bfc062723c751e8b465ee728b)  -> (artifact id: '65e0292752d72022d071fe1851198b15') in 0.015353 seconds 
  Import took 0.020572 seconds .

========================================================================
Received Import Request.
  Time since last request: 0.000310 seconds.
  path: Assets/Tiles/SPA_Rock_Grass_Water_10.asset
  artifactKey: Guid(c391877761718ad4eb1120b574f53cf7) Importer(815301076,1909f56bfc062723c751e8b465ee728b)
Start importing Assets/Tiles/SPA_Rock_Grass_Water_10.asset using Guid(c391877761718ad4eb1120b574f53cf7) Importer(815301076,1909f56bfc062723c751e8b465ee728b)  -> (artifact id: '600fd7967cc57e787cbafc10d8da02c4') in 0.015860 seconds 
  Import took 0.020075 seconds .

========================================================================
Received Import Request.
  Time since last request: 0.000324 seconds.
  path: Assets/Tiles/SPA_Rock_Grass_Water_13.asset
  artifactKey: Guid(b10ce8d0cd7bd7c47a9aa32a3fef0ecf) Importer(815301076,1909f56bfc062723c751e8b465ee728b)
Start importing Assets/Tiles/SPA_Rock_Grass_Water_13.asset using Guid(b10ce8d0cd7bd7c47a9aa32a3fef0ecf) Importer(815301076,1909f56bfc062723c751e8b465ee728b)  -> (artifact id: '6eae788d1305728ba9194432f2837ba9') in 0.015596 seconds 
  Import took 0.019924 seconds .

========================================================================
Received Import Request.
  Time since last request: 0.000305 seconds.
  path: Assets/Tiles/SPA_Rock_Grass_Water_20.asset
  artifactKey: Guid(54ff2811411de7944bee25a4ccedc1b6) Importer(815301076,1909f56bfc062723c751e8b465ee728b)
Start importing Assets/Tiles/SPA_Rock_Grass_Water_20.asset using Guid(54ff2811411de7944bee25a4ccedc1b6) Importer(815301076,1909f56bfc062723c751e8b465ee728b)  -> (artifact id: 'c76bdf230e511d71a5165fbc6e200da4') in 0.016390 seconds 
  Import took 0.021813 seconds .

========================================================================
Received Import Request.
  Time since last request: 0.000333 seconds.
  path: Assets/Tiles/SPA_Rock_Grass_Water_22.asset
  artifactKey: Guid(7ebd782795f7f184e9b2ab3315646340) Importer(815301076,1909f56bfc062723c751e8b465ee728b)
Start importing Assets/Tiles/SPA_Rock_Grass_Water_22.asset using Guid(7ebd782795f7f184e9b2ab3315646340) Importer(815301076,1909f56bfc062723c751e8b465ee728b)  -> (artifact id: 'b2c8066e1d10bb4aeb7acc084b52efbf') in 0.016117 seconds 
  Import took 0.020968 seconds .

========================================================================
Received Import Request.
  Time since last request: 0.000355 seconds.
  path: Assets/Tiles/SPA_Rock_Grass_Water_5.asset
  artifactKey: Guid(9d84709eb08bdba458ff34cacea5dd0b) Importer(815301076,1909f56bfc062723c751e8b465ee728b)
Start importing Assets/Tiles/SPA_Rock_Grass_Water_5.asset using Guid(9d84709eb08bdba458ff34cacea5dd0b) Importer(815301076,1909f56bfc062723c751e8b465ee728b)  -> (artifact id: '84c974a1d3b516d8a5f5cec9f283604c') in 0.016058 seconds 
  Import took 0.020433 seconds .

========================================================================
Received Import Request.
  Time since last request: 0.000345 seconds.
  path: Assets/Tiles/SPA_Rock_Grass_Water_17.asset
  artifactKey: Guid(d918145450b93874bbc4a09907d02392) Importer(815301076,1909f56bfc062723c751e8b465ee728b)
Start importing Assets/Tiles/SPA_Rock_Grass_Water_17.asset using Guid(d918145450b93874bbc4a09907d02392) Importer(815301076,1909f56bfc062723c751e8b465ee728b)  -> (artifact id: '5f9f146aac6eabdb096fc6d83f2f2b3c') in 0.018534 seconds 
  Import took 0.024118 seconds .

========================================================================
Received Import Request.
  Time since last request: 635.078982 seconds.
  path: Assets/Tiles/Platform Palette.prefab
  artifactKey: Guid(4365fc12262b73541abe88a709a88be8) Importer(815301076,1909f56bfc062723c751e8b465ee728b)
Start importing Assets/Tiles/Platform Palette.prefab using Guid(4365fc12262b73541abe88a709a88be8) Importer(815301076,1909f56bfc062723c751e8b465ee728b)  -> (artifact id: 'a1c40d7abce5d74441c319ddda737efe') in 0.021225 seconds 
  Import took 0.026415 seconds .

========================================================================
Received Import Request.
  Time since last request: 994.685797 seconds.
  path: ProjectSettings/TagManager.asset
  artifactKey: Guid(00000000000000003000000000000000) Importer(815301076,1909f56bfc062723c751e8b465ee728b)
Start importing ProjectSettings/TagManager.asset using Guid(00000000000000003000000000000000) Importer(815301076,1909f56bfc062723c751e8b465ee728b)  -> (artifact id: '95df672b4aaba54310d34c83eef51bb8') in 0.012299 seconds 
  Import took 0.021724 seconds .

AssetImportWorkerClient::OnTransportError - code=2 error=End of file
